[2021-10-22 07:55:25] local.ERROR: Unable to prepare route [api/user] for serialization. Uses Closure. {"exception":"[object] (LogicException(code: 0): Unable to prepare route [api/user] for serialization. Uses Closure. at /mnt/e/CODING/PORTFOLIO/bunga/vendor/laravel/framework/src/Illuminate/Routing/Route.php:917)
[stacktrace]
#0 /mnt/e/CODING/PORTFOLIO/bunga/vendor/laravel/framework/src/Illuminate/Foundation/Console/RouteCacheCommand.php(62): Illuminate\\Routing\\Route->prepareForSerialization()
#1 [internal function]: Illuminate\\Foundation\\Console\\RouteCacheCommand->handle()
#2 /mnt/e/CODING/PORTFOLIO/bunga/vendor/laravel/framework/src/Illuminate/Container/BoundMethod.php(32): call_user_func_array()
#3 /mnt/e/CODING/PORTFOLIO/bunga/vendor/laravel/framework/src/Illuminate/Container/BoundMethod.php(90): Illuminate\\Container\\BoundMethod::Illuminate\\Container\\{closure}()
#4 /mnt/e/CODING/PORTFOLIO/bunga/vendor/laravel/framework/src/Illuminate/Container/BoundMethod.php(34): Illuminate\\Container\\BoundMethod::callBoundMethod()
#5 /mnt/e/CODING/PORTFOLIO/bunga/vendor/laravel/framework/src/Illuminate/Container/Container.php(576): Illuminate\\Container\\BoundMethod::call()
#6 /mnt/e/CODING/PORTFOLIO/bunga/vendor/laravel/framework/src/Illuminate/Console/Command.php(183): Illuminate\\Container\\Container->call()
#7 /mnt/e/CODING/PORTFOLIO/bunga/vendor/symfony/console/Command/Command.php(255): Illuminate\\Console\\Command->execute()
#8 /mnt/e/CODING/PORTFOLIO/bunga/vendor/laravel/framework/src/Illuminate/Console/Command.php(170): Symfony\\Component\\Console\\Command\\Command->run()
#9 /mnt/e/CODING/PORTFOLIO/bunga/vendor/laravel/framework/src/Illuminate/Console/Command.php(198): Illuminate\\Console\\Command->run()
#10 /mnt/e/CODING/PORTFOLIO/bunga/vendor/laravel/framework/src/Illuminate/Foundation/Console/OptimizeCommand.php(31): Illuminate\\Console\\Command->call()
#11 [internal function]: Illuminate\\Foundation\\Console\\OptimizeCommand->handle()
#12 /mnt/e/CODING/PORTFOLIO/bunga/vendor/laravel/framework/src/Illuminate/Container/BoundMethod.php(32): call_user_func_array()
#13 /mnt/e/CODING/PORTFOLIO/bunga/vendor/laravel/framework/src/Illuminate/Container/BoundMethod.php(90): Illuminate\\Container\\BoundMethod::Illuminate\\Container\\{closure}()
#14 /mnt/e/CODING/PORTFOLIO/bunga/vendor/laravel/framework/src/Illuminate/Container/BoundMethod.php(34): Illuminate\\Container\\BoundMethod::callBoundMethod()
#15 /mnt/e/CODING/PORTFOLIO/bunga/vendor/laravel/framework/src/Illuminate/Container/Container.php(576): Illuminate\\Container\\BoundMethod::call()
#16 /mnt/e/CODING/PORTFOLIO/bunga/vendor/laravel/framework/src/Illuminate/Console/Command.php(183): Illuminate\\Container\\Container->call()
#17 /mnt/e/CODING/PORTFOLIO/bunga/vendor/symfony/console/Command/Command.php(255): Illuminate\\Console\\Command->execute()
#18 /mnt/e/CODING/PORTFOLIO/bunga/vendor/laravel/framework/src/Illuminate/Console/Command.php(170): Symfony\\Component\\Console\\Command\\Command->run()
#19 /mnt/e/CODING/PORTFOLIO/bunga/vendor/symfony/console/Application.php(1009): Illuminate\\Console\\Command->run()
#20 /mnt/e/CODING/PORTFOLIO/bunga/vendor/symfony/console/Application.php(273): Symfony\\Component\\Console\\Application->doRunCommand()
#21 /mnt/e/CODING/PORTFOLIO/bunga/vendor/symfony/console/Application.php(149): Symfony\\Component\\Console\\Application->doRun()
#22 /mnt/e/CODING/PORTFOLIO/bunga/vendor/laravel/framework/src/Illuminate/Console/Application.php(90): Symfony\\Component\\Console\\Application->run()
#23 /mnt/e/CODING/PORTFOLIO/bunga/vendor/laravel/framework/src/Illuminate/Foundation/Console/Kernel.php(133): Illuminate\\Console\\Application->run()
#24 /mnt/e/CODING/PORTFOLIO/bunga/artisan(37): Illuminate\\Foundation\\Console\\Kernel->handle()
#25 {main}
"} 
